[11:53:21] [INFO] Starting TikTok crawler
[11:53:22] [INFO] Connected to MongoDB
[11:53:23] [INFO] Browser setup completed
[11:53:23] [INFO] Page created successfully
[11:53:23] [INFO] Processing profile: https://www.tiktok.com/@fahasa_official
[11:54:08] [INFO] Found 130 videos, will process 4
[11:54:08] [INFO] Processing video 1/4: https://www.tiktok.com/@fahasa_official/video/7499099748796730631
[13:57:26] [INFO] Starting TikTok crawler
[13:57:26] [INFO] Connected to MongoDB
[13:57:27] [INFO] Browser setup completed
[13:57:27] [INFO] Page created successfully
[13:57:27] [INFO] Processing profile: https://www.tiktok.com/@fahasa_official
[13:58:10] [ERROR] Attempt 1/3 failed for Profile crawling: https://www.tiktok.com/@fahasa_official: ENOENT: no such file or directory, open 'D:\Huy-Hoang-bookstore\Crawl-tiktok\debug\profile-scroll-9-1747724290185.png'
[13:58:10] [INFO] Waiting 1000ms before retry...
[13:58:49] [INFO] Found 193 videos, will process 4
[13:58:49] [INFO] Processing video 1/4: https://www.tiktok.com/@fahasa_official/video/7499099748796730631
[13:58:49] [INFO] Video already exists in database: https://www.tiktok.com/@fahasa_official/video/7499099748796730631
[13:58:49] [INFO] Processing video 2/4: https://www.tiktok.com/@fahasa_official/video/7262685132820172038
[13:59:43] [INFO] Successfully crawled video: https://www.tiktok.com/@fahasa_official/video/7262685132820172038
[13:59:43] [INFO] Exporting video to Google Sheet: https://www.tiktok.com/@fahasa_official/video/7262685132820172038
[13:59:44] [INFO] Successfully exported video to Google Sheet: https://www.tiktok.com/@fahasa_official/video/7262685132820172038
[13:59:44] [ERROR] Error processing video https://www.tiktok.com/@fahasa_official/video/7262685132820172038: Client must be connected before running operations
[13:59:44] [INFO] Waiting 5000ms before next video...
[13:59:49] [INFO] Processing video 3/4: https://www.tiktok.com/@fahasa_official/video/7277869354237185281
[13:59:49] [ERROR] Error processing video https://www.tiktok.com/@fahasa_official/video/7277869354237185281: Client must be connected before running operations
[13:59:49] [INFO] Waiting 5000ms before next video...
[13:59:54] [INFO] Processing video 4/4: https://www.tiktok.com/@fahasa_official/video/7506067570068294920
[13:59:54] [ERROR] Error processing video https://www.tiktok.com/@fahasa_official/video/7506067570068294920: Client must be connected before running operations
[13:59:54] [INFO] Waiting 5000ms before next video...
[13:59:59] [INFO] Waiting 10000ms before next profile...
[14:00:09] [INFO] Crawling completed successfully!
[14:00:09] [INFO] Exporting all videos to Google Sheet...
[14:00:11] [INFO] Successfully exported all videos to Google Sheet
[14:00:11] [INFO] Closing browser...
[14:00:12] [INFO] Browser closed
[14:08:45] [INFO] Starting TikTok crawler
[14:08:45] [INFO] Connected to MongoDB
[14:08:46] [INFO] Browser setup completed
[14:08:46] [INFO] Page created successfully
[14:08:46] [INFO] Processing profile: https://www.tiktok.com/@fahasa_official
[14:09:27] [INFO] Found 193 videos, will process 4
[14:09:27] [INFO] Processing video 1/4: https://www.tiktok.com/@fahasa_official/video/7499099748796730631
[14:09:27] [INFO] Video already exists in database: https://www.tiktok.com/@fahasa_official/video/7499099748796730631
[14:09:27] [INFO] Processing video 2/4: https://www.tiktok.com/@fahasa_official/video/7262685132820172038
[14:09:27] [INFO] Video already exists in database: https://www.tiktok.com/@fahasa_official/video/7262685132820172038
[14:09:27] [INFO] Processing video 3/4: https://www.tiktok.com/@fahasa_official/video/7277869354237185281
[14:12:19] [INFO] Successfully crawled video: https://www.tiktok.com/@fahasa_official/video/7277869354237185281
[14:12:19] [INFO] Exporting video to Google Sheet: https://www.tiktok.com/@fahasa_official/video/7277869354237185281
[14:12:21] [INFO] Successfully exported video to Google Sheet: https://www.tiktok.com/@fahasa_official/video/7277869354237185281
[14:12:21] [ERROR] Error processing video https://www.tiktok.com/@fahasa_official/video/7277869354237185281: Client must be connected before running operations
[14:12:21] [INFO] Waiting 5000ms before next video...
[14:12:26] [INFO] Processing video 4/4: https://www.tiktok.com/@fahasa_official/video/7506067570068294920
[14:12:26] [ERROR] Error processing video https://www.tiktok.com/@fahasa_official/video/7506067570068294920: Client must be connected before running operations
[14:12:26] [INFO] Waiting 5000ms before next video...
[14:12:31] [INFO] Waiting 10000ms before next profile...
[14:12:41] [INFO] Crawling completed successfully!
[14:12:41] [INFO] Exporting all videos to Google Sheet...
[14:12:44] [INFO] Successfully exported all videos to Google Sheet
[14:12:44] [INFO] Closing browser...
[14:16:43] [INFO] Starting TikTok crawler
[14:16:44] [INFO] Connected to MongoDB
[14:16:44] [INFO] Browser setup completed
[14:16:44] [INFO] Page created successfully
[14:16:44] [INFO] Processing profile: https://www.tiktok.com/@fahasa_official
[14:17:25] [INFO] Found 83 videos, will process 4
[14:17:25] [INFO] Processing video 1/4: https://www.tiktok.com/@fahasa_official/video/7499099748796730631
[14:17:25] [INFO] Video already exists in database: https://www.tiktok.com/@fahasa_official/video/7499099748796730631
[14:17:25] [INFO] Processing video 2/4: https://www.tiktok.com/@fahasa_official/video/7262685132820172038
[14:17:25] [INFO] Video already exists in database: https://www.tiktok.com/@fahasa_official/video/7262685132820172038
[14:17:25] [INFO] Processing video 3/4: https://www.tiktok.com/@fahasa_official/video/7277869354237185281
[14:17:25] [INFO] Video already exists in database: https://www.tiktok.com/@fahasa_official/video/7277869354237185281
[14:17:25] [INFO] Processing video 4/4: https://www.tiktok.com/@fahasa_official/video/7506067570068294920
[14:18:05] [INFO] Successfully crawled video: https://www.tiktok.com/@fahasa_official/video/7506067570068294920
[14:18:05] [INFO] Exporting video to Google Sheet: https://www.tiktok.com/@fahasa_official/video/7506067570068294920
[14:18:06] [INFO] Successfully exported video to Google Sheet: https://www.tiktok.com/@fahasa_official/video/7506067570068294920
[14:18:06] [ERROR] Error processing video https://www.tiktok.com/@fahasa_official/video/7506067570068294920: Client must be connected before running operations
[14:18:06] [INFO] Waiting 5000ms before next video...
[14:18:11] [INFO] Waiting 10000ms before next profile...
[14:18:21] [INFO] Crawling completed successfully!
[14:18:21] [INFO] Exporting all videos to Google Sheet...
[14:18:24] [INFO] Successfully exported all videos to Google Sheet
[14:18:24] [INFO] Closing browser...
[14:18:25] [INFO] Browser closed
